This file contains any messages produced by compilers while
running configure, to aid debugging if configure makes a mistake.

It was created by fswebcam configure 20110717, which was
generated by GNU Autoconf 2.68.  Invocation command line was

  $ ./configure 

## --------- ##
## Platform. ##
## --------- ##

hostname = raspberrypi
uname -m = armv6l
uname -r = 3.6.11+
uname -s = Linux
uname -v = #557 PREEMPT Wed Oct 2 18:49:09 BST 2013

/usr/bin/uname -p = unknown
/bin/uname -X     = unknown

/bin/arch              = unknown
/usr/bin/arch -k       = unknown
/usr/convex/getsysinfo = unknown
/usr/bin/hostinfo      = unknown
/bin/machine           = unknown
/usr/bin/oslevel       = unknown
/bin/universe          = unknown

PATH: /usr/local/sbin
PATH: /usr/local/bin
PATH: /usr/sbin
PATH: /usr/bin
PATH: /sbin
PATH: /bin


## ----------- ##
## Core tests. ##
## ----------- ##

configure:2040: checking for gcc
configure:2056: found /usr/bin/gcc
configure:2067: result: gcc
configure:2296: checking for C compiler version
configure:2305: gcc --version >&5
gcc (Debian 4.6.3-14+rpi1) 4.6.3
Copyright (C) 2011 Free Software Foundation, Inc.
This is free software; see the source for copying conditions.  There is NO
warranty; not even for MERCHANTABILITY or FITNESS FOR A PARTICULAR PURPOSE.

configure:2316: $? = 0
configure:2305: gcc -v >&5
Using built-in specs.
COLLECT_GCC=gcc
COLLECT_LTO_WRAPPER=/usr/lib/gcc/arm-linux-gnueabihf/4.6/lto-wrapper
Target: arm-linux-gnueabihf
Configured with: ../src/configure -v --with-pkgversion='Debian 4.6.3-14+rpi1' --with-bugurl=file:///usr/share/doc/gcc-4.6/README.Bugs --enable-languages=c,c++,fortran,objc,obj-c++ --prefix=/usr --program-suffix=-4.6 --enable-shared --enable-linker-build-id --with-system-zlib --libexecdir=/usr/lib --without-included-gettext --enable-threads=posix --with-gxx-include-dir=/usr/include/c++/4.6 --libdir=/usr/lib --enable-nls --with-sysroot=/ --enable-clocale=gnu --enable-libstdcxx-debug --enable-libstdcxx-time=yes --enable-gnu-unique-object --enable-plugin --enable-objc-gc --disable-sjlj-exceptions --with-arch=armv6 --with-fpu=vfp --with-float=hard --enable-checking=release --build=arm-linux-gnueabihf --host=arm-linux-gnueabihf --target=arm-linux-gnueabihf
Thread model: posix
gcc version 4.6.3 (Debian 4.6.3-14+rpi1) 
configure:2316: $? = 0
configure:2305: gcc -V >&5
gcc: error: unrecognized option '-V'
gcc: fatal error: no input files
compilation terminated.
configure:2316: $? = 4
configure:2305: gcc -qversion >&5
gcc: error: unrecognized option '-qversion'
gcc: fatal error: no input files
compilation terminated.
configure:2316: $? = 4
configure:2336: checking whether the C compiler works
configure:2358: gcc    conftest.c  >&5
configure:2362: $? = 0
configure:2410: result: yes
configure:2413: checking for C compiler default output file name
configure:2415: result: a.out
configure:2421: checking for suffix of executables
configure:2428: gcc -o conftest    conftest.c  >&5
configure:2432: $? = 0
configure:2454: result: 
configure:2476: checking whether we are cross compiling
configure:2484: gcc -o conftest    conftest.c  >&5
configure:2488: $? = 0
configure:2495: ./conftest
configure:2499: $? = 0
configure:2514: result: no
configure:2519: checking for suffix of object files
configure:2541: gcc -c   conftest.c >&5
configure:2545: $? = 0
configure:2566: result: o
configure:2570: checking whether we are using the GNU C compiler
configure:2589: gcc -c   conftest.c >&5
configure:2589: $? = 0
configure:2598: result: yes
configure:2607: checking whether gcc accepts -g
configure:2627: gcc -c -g  conftest.c >&5
configure:2627: $? = 0
configure:2668: result: yes
configure:2685: checking for gcc option to accept ISO C89
configure:2749: gcc  -c -g -O2  conftest.c >&5
configure:2749: $? = 0
configure:2762: result: none needed
configure:2831: checking how to run the C preprocessor
configure:2862: gcc -E  conftest.c
configure:2862: $? = 0
configure:2876: gcc -E  conftest.c
conftest.c:11:28: fatal error: ac_nonexistent.h: No such file or directory
compilation terminated.
configure:2876: $? = 1
configure: failed program was:
| /* confdefs.h */
| #define PACKAGE_NAME "fswebcam"
| #define PACKAGE_TARNAME "fswebcam"
| #define PACKAGE_VERSION "20110717"
| #define PACKAGE_STRING "fswebcam 20110717"
| #define PACKAGE_BUGREPORT "phil@sanslogic.co.uk"
| #define PACKAGE_URL ""
| #define HAVE_V4L1 1
| #define HAVE_V4L2 1
| /* end confdefs.h.  */
| #include <ac_nonexistent.h>
configure:2901: result: gcc -E
configure:2921: gcc -E  conftest.c
configure:2921: $? = 0
configure:2935: gcc -E  conftest.c
conftest.c:11:28: fatal error: ac_nonexistent.h: No such file or directory
compilation terminated.
configure:2935: $? = 1
configure: failed program was:
| /* confdefs.h */
| #define PACKAGE_NAME "fswebcam"
| #define PACKAGE_TARNAME "fswebcam"
| #define PACKAGE_VERSION "20110717"
| #define PACKAGE_STRING "fswebcam 20110717"
| #define PACKAGE_BUGREPORT "phil@sanslogic.co.uk"
| #define PACKAGE_URL ""
| #define HAVE_V4L1 1
| #define HAVE_V4L2 1
| /* end confdefs.h.  */
| #include <ac_nonexistent.h>
configure:2964: checking for grep that handles long lines and -e
configure:3022: result: /bin/grep
configure:3027: checking for egrep
configure:3089: result: /bin/grep -E
configure:3094: checking for ANSI C header files
configure:3114: gcc -c -g -O2  conftest.c >&5
configure:3114: $? = 0
configure:3187: gcc -o conftest -g -O2   conftest.c  >&5
configure:3187: $? = 0
configure:3187: ./conftest
configure:3187: $? = 0
configure:3198: result: yes
configure:3211: checking for sys/types.h
configure:3211: gcc -c -g -O2  conftest.c >&5
configure:3211: $? = 0
configure:3211: result: yes
configure:3211: checking for sys/stat.h
configure:3211: gcc -c -g -O2  conftest.c >&5
configure:3211: $? = 0
configure:3211: result: yes
configure:3211: checking for stdlib.h
configure:3211: gcc -c -g -O2  conftest.c >&5
configure:3211: $? = 0
configure:3211: result: yes
configure:3211: checking for string.h
configure:3211: gcc -c -g -O2  conftest.c >&5
configure:3211: $? = 0
configure:3211: result: yes
configure:3211: checking for memory.h
configure:3211: gcc -c -g -O2  conftest.c >&5
configure:3211: $? = 0
configure:3211: result: yes
configure:3211: checking for strings.h
configure:3211: gcc -c -g -O2  conftest.c >&5
configure:3211: $? = 0
configure:3211: result: yes
configure:3211: checking for inttypes.h
configure:3211: gcc -c -g -O2  conftest.c >&5
configure:3211: $? = 0
configure:3211: result: yes
configure:3211: checking for stdint.h
configure:3211: gcc -c -g -O2  conftest.c >&5
configure:3211: $? = 0
configure:3211: result: yes
configure:3211: checking for unistd.h
configure:3211: gcc -c -g -O2  conftest.c >&5
configure:3211: $? = 0
configure:3211: result: yes
configure:3229: checking for stdlib.h
configure:3229: result: yes
configure:3229: checking for unistd.h
configure:3229: result: yes
configure:3229: checking for sys/param.h
configure:3229: gcc -c -g -O2  conftest.c >&5
configure:3229: $? = 0
configure:3229: result: yes
configure:3249: checking for getpagesize
configure:3249: gcc -o conftest -g -O2   conftest.c  >&5
configure:3249: $? = 0
configure:3249: result: yes
configure:3258: checking for working mmap
configure:3405: gcc -o conftest -g -O2   conftest.c  >&5
configure:3405: $? = 0
configure:3405: ./conftest
configure:3405: $? = 0
configure:3415: result: yes
configure:3425: checking for gdImageCreateTrueColor in -lgd
configure:3450: gcc -o conftest -g -O2   conftest.c -lgd   >&5
configure:3450: $? = 0
configure:3459: result: yes
configure:3471: checking for gdImageStringFT in -lgd
configure:3496: gcc -o conftest -g -O2  -lgd  conftest.c -lgd   >&5
configure:3496: $? = 0
configure:3505: result: yes
configure:3515: checking for gdImageJpeg in -lgd
configure:3540: gcc -o conftest -g -O2  -lgd  conftest.c -lgd   >&5
configure:3540: $? = 0
configure:3549: result: yes
configure:3559: checking for gdImagePngEx in -lgd
configure:3584: gcc -o conftest -g -O2  -lgd  conftest.c -lgd   >&5
configure:3584: $? = 0
configure:3593: result: yes
configure:3626: result:
   Buffer type ........... 16 bit
   PNG support ........... yes
   JPEG support .......... yes
   Freetype 2.x support .. yes
   V4L1 support .......... yes
   V4L2 support .......... yes

configure:3754: creating ./config.status

## ---------------------- ##
## Running config.status. ##
## ---------------------- ##

This file was extended by fswebcam config.status 20110717, which was
generated by GNU Autoconf 2.68.  Invocation command line was

  CONFIG_FILES    = 
  CONFIG_HEADERS  = 
  CONFIG_LINKS    = 
  CONFIG_COMMANDS = 
  $ ./config.status 

on raspberrypi

config.status:817: creating Makefile
config.status:817: creating config.h

## ---------------- ##
## Cache variables. ##
## ---------------- ##

ac_cv_c_compiler_gnu=yes
ac_cv_env_CC_set=
ac_cv_env_CC_value=
ac_cv_env_CFLAGS_set=
ac_cv_env_CFLAGS_value=
ac_cv_env_CPPFLAGS_set=
ac_cv_env_CPPFLAGS_value=
ac_cv_env_CPP_set=
ac_cv_env_CPP_value=
ac_cv_env_LDFLAGS_set=
ac_cv_env_LDFLAGS_value=
ac_cv_env_LIBS_set=
ac_cv_env_LIBS_value=
ac_cv_env_build_alias_set=
ac_cv_env_build_alias_value=
ac_cv_env_host_alias_set=
ac_cv_env_host_alias_value=
ac_cv_env_target_alias_set=
ac_cv_env_target_alias_value=
ac_cv_func_getpagesize=yes
ac_cv_func_mmap_fixed_mapped=yes
ac_cv_header_inttypes_h=yes
ac_cv_header_memory_h=yes
ac_cv_header_stdc=yes
ac_cv_header_stdint_h=yes
ac_cv_header_stdlib_h=yes
ac_cv_header_string_h=yes
ac_cv_header_strings_h=yes
ac_cv_header_sys_param_h=yes
ac_cv_header_sys_stat_h=yes
ac_cv_header_sys_types_h=yes
ac_cv_header_unistd_h=yes
ac_cv_lib_gd_gdImageCreateTrueColor=yes
ac_cv_lib_gd_gdImageJpeg=yes
ac_cv_lib_gd_gdImagePngEx=yes
ac_cv_lib_gd_gdImageStringFT=yes
ac_cv_objext=o
ac_cv_path_EGREP='/bin/grep -E'
ac_cv_path_GREP=/bin/grep
ac_cv_prog_CPP='gcc -E'
ac_cv_prog_ac_ct_CC=gcc
ac_cv_prog_cc_c89=
ac_cv_prog_cc_g=yes

## ----------------- ##
## Output variables. ##
## ----------------- ##

CC='gcc'
CFLAGS='-g -O2'
CPP='gcc -E'
CPPFLAGS=''
DEFS='-DHAVE_CONFIG_H'
ECHO_C=''
ECHO_N='-n'
ECHO_T=''
EGREP='/bin/grep -E'
EXEEXT=''
GREP='/bin/grep'
LDFLAGS='-lgd '
LIBOBJS=''
LIBS=''
LTLIBOBJS=''
OBJEXT='o'
PACKAGE_BUGREPORT='phil@sanslogic.co.uk'
PACKAGE_NAME='fswebcam'
PACKAGE_STRING='fswebcam 20110717'
PACKAGE_TARNAME='fswebcam'
PACKAGE_URL=''
PACKAGE_VERSION='20110717'
PATH_SEPARATOR=':'
SHELL='/bin/bash'
SRC_OBJS='src_test.o src_raw.o src_file.o src_v4l1.o src_v4l2.o'
ac_ct_CC='gcc'
bindir='${exec_prefix}/bin'
build_alias=''
datadir='${datarootdir}'
datarootdir='${prefix}/share'
docdir='${datarootdir}/doc/${PACKAGE_TARNAME}'
dvidir='${docdir}'
exec_prefix='${prefix}'
host_alias=''
htmldir='${docdir}'
includedir='${prefix}/include'
infodir='${datarootdir}/info'
libdir='${exec_prefix}/lib'
libexecdir='${exec_prefix}/libexec'
localedir='${datarootdir}/locale'
localstatedir='${prefix}/var'
mandir='${datarootdir}/man'
oldincludedir='/usr/include'
pdfdir='${docdir}'
prefix='/usr/local'
program_transform_name='s,x,x,'
psdir='${docdir}'
sbindir='${exec_prefix}/sbin'
sharedstatedir='${prefix}/com'
sysconfdir='${prefix}/etc'
target_alias=''

## ----------- ##
## confdefs.h. ##
## ----------- ##

/* confdefs.h */
#define PACKAGE_NAME "fswebcam"
#define PACKAGE_TARNAME "fswebcam"
#define PACKAGE_VERSION "20110717"
#define PACKAGE_STRING "fswebcam 20110717"
#define PACKAGE_BUGREPORT "phil@sanslogic.co.uk"
#define PACKAGE_URL ""
#define HAVE_V4L1 1
#define HAVE_V4L2 1
#define STDC_HEADERS 1
#define HAVE_SYS_TYPES_H 1
#define HAVE_SYS_STAT_H 1
#define HAVE_STDLIB_H 1
#define HAVE_STRING_H 1
#define HAVE_MEMORY_H 1
#define HAVE_STRINGS_H 1
#define HAVE_INTTYPES_H 1
#define HAVE_STDINT_H 1
#define HAVE_UNISTD_H 1
#define HAVE_STDLIB_H 1
#define HAVE_UNISTD_H 1
#define HAVE_SYS_PARAM_H 1
#define HAVE_GETPAGESIZE 1
#define HAVE_MMAP 1

configure: exit 0
